<?xml version="1.0" encoding="UTF-8"?>
<!-- Generated by org.testng.reporters.JUnitXMLReporter -->
<testsuite ignored="0" hostname="BI-460-Linu-Varghese" failures="1" tests="1" name="chrometest(failed)" time="5.572" errors="0" timestamp="2025-03-03T23:53:48 IST">
  <testcase classname="testCase.DataDriven_signin" name="datadriventest" time="0.0">
    <failure type="org.testng.TestNGException" message="
Method public void testCase.DataDriven_signin.datadriventest(java.lang.String,java.lang.String,java.lang.String) requires a @DataProvider named : testdata for rahulshetty project in class utilities.DataProviders">
      <![CDATA[org.testng.TestNGException: 
Method public void testCase.DataDriven_signin.datadriventest(java.lang.String,java.lang.String,java.lang.String) requires a @DataProvider named : testdata for rahulshetty project in class utilities.DataProviders
at java.base/java.util.ArrayList.forEach(ArrayList.java:1596)
at java.base/java.util.concurrent.FutureTask.run(FutureTask.java:317)
at java.base/java.util.concurrent.ThreadPoolExecutor.runWorker(ThreadPoolExecutor.java:1144)
at java.base/java.util.concurrent.ThreadPoolExecutor$Worker.run(ThreadPoolExecutor.java:642)
at java.base/java.lang.Thread.run(Thread.java:1583)
... Removed 15 stack frames]]>
    </failure>
  </testcase> <!-- datadriventest -->
</testsuite> <!-- chrometest(failed) -->
